The system is: Linux - 3.10.0-1127.19.1.el7.x86_64 - x86_64
Compiling the C compiler identification source file "CMakeCCompilerId.c" succeeded.
Compiler: /cluster/apps/gcc/4.9.2/bin/gcc 
Build flags: 
Id flags: 

The output was:
0


Compilation of the C compiler identification source "CMakeCCompilerId.c" produced "a.out"

The C compiler identification is GNU, found in "/cluster/home/pafloria/testMoe5/buildO3/CMakeFiles/2.8.12.2/CompilerIdC/a.out"

Compiling the CXX compiler identification source file "CMakeCXXCompilerId.cpp" succeeded.
Compiler: /cluster/apps/gcc/4.9.2/bin/g++ 
Build flags: 
Id flags: 

The output was:
0


Compilation of the CXX compiler identification source "CMakeCXXCompilerId.cpp" produced "a.out"

The CXX compiler identification is GNU, found in "/cluster/home/pafloria/testMoe5/buildO3/CMakeFiles/2.8.12.2/CompilerIdCXX/a.out"

Determining if the C compiler works passed with the following output:
Change Dir: /cluster/home/pafloria/testMoe5/buildO3/CMakeFiles/CMakeTmp

Run Build Command:/usr/bin/gmake "cmTryCompileExec716397601/fast"
/usr/bin/gmake -f CMakeFiles/cmTryCompileExec716397601.dir/build.make CMakeFiles/cmTryCompileExec716397601.dir/build
gmake[1]: Entering directory `/cluster/home/pafloria/testMoe5/buildO3/CMakeFiles/CMakeTmp'
/usr/bin/cmake -E cmake_progress_report /cluster/home/pafloria/testMoe5/buildO3/CMakeFiles/CMakeTmp/CMakeFiles 1
Building C object CMakeFiles/cmTryCompileExec716397601.dir/testCCompiler.c.o
/cluster/apps/gcc/4.9.2/bin/gcc    -o CMakeFiles/cmTryCompileExec716397601.dir/testCCompiler.c.o   -c /cluster/home/pafloria/testMoe5/buildO3/CMakeFiles/CMakeTmp/testCCompiler.c
Linking C executable cmTryCompileExec716397601
/usr/bin/cmake -E cmake_link_script CMakeFiles/cmTryCompileExec716397601.dir/link.txt --verbose=1
/cluster/apps/gcc/4.9.2/bin/gcc       CMakeFiles/cmTryCompileExec716397601.dir/testCCompiler.c.o  -o cmTryCompileExec716397601 -rdynamic 
gmake[1]: Leaving directory `/cluster/home/pafloria/testMoe5/buildO3/CMakeFiles/CMakeTmp'


Detecting C compiler ABI info compiled with the following output:
Change Dir: /cluster/home/pafloria/testMoe5/buildO3/CMakeFiles/CMakeTmp

Run Build Command:/usr/bin/gmake "cmTryCompileExec359242378/fast"
/usr/bin/gmake -f CMakeFiles/cmTryCompileExec359242378.dir/build.make CMakeFiles/cmTryCompileExec359242378.dir/build
gmake[1]: Entering directory `/cluster/home/pafloria/testMoe5/buildO3/CMakeFiles/CMakeTmp'
/usr/bin/cmake -E cmake_progress_report /cluster/home/pafloria/testMoe5/buildO3/CMakeFiles/CMakeTmp/CMakeFiles 1
Building C object CMakeFiles/cmTryCompileExec359242378.dir/CMakeCCompilerABI.c.o
/cluster/apps/gcc/4.9.2/bin/gcc    -o CMakeFiles/cmTryCompileExec359242378.dir/CMakeCCompilerABI.c.o   -c /usr/share/cmake/Modules/CMakeCCompilerABI.c
Linking C executable cmTryCompileExec359242378
/usr/bin/cmake -E cmake_link_script CMakeFiles/cmTryCompileExec359242378.dir/link.txt --verbose=1
/cluster/apps/gcc/4.9.2/bin/gcc     -v CMakeFiles/cmTryCompileExec359242378.dir/CMakeCCompilerABI.c.o  -o cmTryCompileExec359242378 -rdynamic  
Using built-in specs.
COLLECT_GCC=/cluster/apps/gcc/4.9.2/bin/gcc
COLLECT_LTO_WRAPPER=/cluster/apps/gcc/4.9.2/libexec/gcc/x86_64-unknown-linux-gnu/4.9.2/lto-wrapper
Target: x86_64-unknown-linux-gnu
Configured with: ../gcc-4.9.2/configure --with-arch=corei7-avx --with-tune=corei7-avx --prefix=/cluster/apps/gcc/4.9.2 --enable-threads --with-fpmath=sse --enable-languages=all --with-isl --with-cloog --enable-objc-gc --with-system-zlib --enable-__cxa_atexit --with-gnu-ld --enable-checking=release --enable-bootstrap --disable-multilib
Thread model: posix
gcc version 4.9.2 (GCC) 
COMPILER_PATH=/cluster/apps/gcc/4.9.2/libexec/gcc/x86_64-unknown-linux-gnu/4.9.2/:/cluster/apps/gcc/4.9.2/libexec/gcc/x86_64-unknown-linux-gnu/4.9.2/:/cluster/apps/gcc/4.9.2/libexec/gcc/x86_64-unknown-linux-gnu/:/cluster/apps/gcc/4.9.2/lib/gcc/x86_64-unknown-linux-gnu/4.9.2/:/cluster/apps/gcc/4.9.2/lib/gcc/x86_64-unknown-linux-gnu/
LIBRARY_PATH=/cluster/apps/gcc/4.9.2/lib/gcc/x86_64-unknown-linux-gnu/4.9.2/:/cluster/apps/gcc/4.9.2/lib/gcc/x86_64-unknown-linux-gnu/4.9.2/../../../../lib64/:/lib/../lib64/:/usr/lib/../lib64/:/cluster/apps/openmpi/1.6.5/x86_64/gcc_4.9.2/lib/:/cluster/apps/gcc/4.9.2/lib/gcc/x86_64-unknown-linux-gnu/4.9.2/../../../:/lib/:/usr/lib/
COLLECT_GCC_OPTIONS='-v' '-o' 'cmTryCompileExec359242378' '-rdynamic' '-mtune=corei7-avx' '-march=corei7-avx'
 /cluster/apps/gcc/4.9.2/libexec/gcc/x86_64-unknown-linux-gnu/4.9.2/collect2 --eh-frame-hdr -m elf_x86_64 -export-dynamic -dynamic-linker /lib64/ld-linux-x86-64.so.2 -o cmTryCompileExec359242378 /lib/../lib64/crt1.o /lib/../lib64/crti.o /cluster/apps/gcc/4.9.2/lib/gcc/x86_64-unknown-linux-gnu/4.9.2/crtbegin.o -L/cluster/apps/gcc/4.9.2/lib/gcc/x86_64-unknown-linux-gnu/4.9.2 -L/cluster/apps/gcc/4.9.2/lib/gcc/x86_64-unknown-linux-gnu/4.9.2/../../../../lib64 -L/lib/../lib64 -L/usr/lib/../lib64 -L/cluster/apps/openmpi/1.6.5/x86_64/gcc_4.9.2/lib -L/cluster/apps/gcc/4.9.2/lib/gcc/x86_64-unknown-linux-gnu/4.9.2/../../.. CMakeFiles/cmTryCompileExec359242378.dir/CMakeCCompilerABI.c.o -lgcc --as-needed -lgcc_s --no-as-needed -lc -lgcc --as-needed -lgcc_s --no-as-needed /cluster/apps/gcc/4.9.2/lib/gcc/x86_64-unknown-linux-gnu/4.9.2/crtend.o /lib/../lib64/crtn.o
gmake[1]: Leaving directory `/cluster/home/pafloria/testMoe5/buildO3/CMakeFiles/CMakeTmp'


Parsed C implicit link information from above output:
  link line regex: [^( *|.*[/\])(ld|([^/\]+-)?ld|collect2)[^/\]*( |$)]
  ignore line: [Change Dir: /cluster/home/pafloria/testMoe5/buildO3/CMakeFiles/CMakeTmp]
  ignore line: []
  ignore line: [Run Build Command:/usr/bin/gmake "cmTryCompileExec359242378/fast"]
  ignore line: [/usr/bin/gmake -f CMakeFiles/cmTryCompileExec359242378.dir/build.make CMakeFiles/cmTryCompileExec359242378.dir/build]
  ignore line: [gmake[1]: Entering directory `/cluster/home/pafloria/testMoe5/buildO3/CMakeFiles/CMakeTmp']
  ignore line: [/usr/bin/cmake -E cmake_progress_report /cluster/home/pafloria/testMoe5/buildO3/CMakeFiles/CMakeTmp/CMakeFiles 1]
  ignore line: [Building C object CMakeFiles/cmTryCompileExec359242378.dir/CMakeCCompilerABI.c.o]
  ignore line: [/cluster/apps/gcc/4.9.2/bin/gcc    -o CMakeFiles/cmTryCompileExec359242378.dir/CMakeCCompilerABI.c.o   -c /usr/share/cmake/Modules/CMakeCCompilerABI.c]
  ignore line: [Linking C executable cmTryCompileExec359242378]
  ignore line: [/usr/bin/cmake -E cmake_link_script CMakeFiles/cmTryCompileExec359242378.dir/link.txt --verbose=1]
  ignore line: [/cluster/apps/gcc/4.9.2/bin/gcc     -v CMakeFiles/cmTryCompileExec359242378.dir/CMakeCCompilerABI.c.o  -o cmTryCompileExec359242378 -rdynamic  ]
  ignore line: [Using built-in specs.]
  ignore line: [COLLECT_GCC=/cluster/apps/gcc/4.9.2/bin/gcc]
  ignore line: [COLLECT_LTO_WRAPPER=/cluster/apps/gcc/4.9.2/libexec/gcc/x86_64-unknown-linux-gnu/4.9.2/lto-wrapper]
  ignore line: [Target: x86_64-unknown-linux-gnu]
  ignore line: [Configured with: ../gcc-4.9.2/configure --with-arch=corei7-avx --with-tune=corei7-avx --prefix=/cluster/apps/gcc/4.9.2 --enable-threads --with-fpmath=sse --enable-languages=all --with-isl --with-cloog --enable-objc-gc --with-system-zlib --enable-__cxa_atexit --with-gnu-ld --enable-checking=release --enable-bootstrap --disable-multilib]
  ignore line: [Thread model: posix]
  ignore line: [gcc version 4.9.2 (GCC) ]
  ignore line: [COMPILER_PATH=/cluster/apps/gcc/4.9.2/libexec/gcc/x86_64-unknown-linux-gnu/4.9.2/:/cluster/apps/gcc/4.9.2/libexec/gcc/x86_64-unknown-linux-gnu/4.9.2/:/cluster/apps/gcc/4.9.2/libexec/gcc/x86_64-unknown-linux-gnu/:/cluster/apps/gcc/4.9.2/lib/gcc/x86_64-unknown-linux-gnu/4.9.2/:/cluster/apps/gcc/4.9.2/lib/gcc/x86_64-unknown-linux-gnu/]
  ignore line: [LIBRARY_PATH=/cluster/apps/gcc/4.9.2/lib/gcc/x86_64-unknown-linux-gnu/4.9.2/:/cluster/apps/gcc/4.9.2/lib/gcc/x86_64-unknown-linux-gnu/4.9.2/../../../../lib64/:/lib/../lib64/:/usr/lib/../lib64/:/cluster/apps/openmpi/1.6.5/x86_64/gcc_4.9.2/lib/:/cluster/apps/gcc/4.9.2/lib/gcc/x86_64-unknown-linux-gnu/4.9.2/../../../:/lib/:/usr/lib/]
  ignore line: [COLLECT_GCC_OPTIONS='-v' '-o' 'cmTryCompileExec359242378' '-rdynamic' '-mtune=corei7-avx' '-march=corei7-avx']
  link line: [ /cluster/apps/gcc/4.9.2/libexec/gcc/x86_64-unknown-linux-gnu/4.9.2/collect2 --eh-frame-hdr -m elf_x86_64 -export-dynamic -dynamic-linker /lib64/ld-linux-x86-64.so.2 -o cmTryCompileExec359242378 /lib/../lib64/crt1.o /lib/../lib64/crti.o /cluster/apps/gcc/4.9.2/lib/gcc/x86_64-unknown-linux-gnu/4.9.2/crtbegin.o -L/cluster/apps/gcc/4.9.2/lib/gcc/x86_64-unknown-linux-gnu/4.9.2 -L/cluster/apps/gcc/4.9.2/lib/gcc/x86_64-unknown-linux-gnu/4.9.2/../../../../lib64 -L/lib/../lib64 -L/usr/lib/../lib64 -L/cluster/apps/openmpi/1.6.5/x86_64/gcc_4.9.2/lib -L/cluster/apps/gcc/4.9.2/lib/gcc/x86_64-unknown-linux-gnu/4.9.2/../../.. CMakeFiles/cmTryCompileExec359242378.dir/CMakeCCompilerABI.c.o -lgcc --as-needed -lgcc_s --no-as-needed -lc -lgcc --as-needed -lgcc_s --no-as-needed /cluster/apps/gcc/4.9.2/lib/gcc/x86_64-unknown-linux-gnu/4.9.2/crtend.o /lib/../lib64/crtn.o]
    arg [/cluster/apps/gcc/4.9.2/libexec/gcc/x86_64-unknown-linux-gnu/4.9.2/collect2] ==> ignore
    arg [--eh-frame-hdr] ==> ignore
    arg [-m] ==> ignore
    arg [elf_x86_64] ==> ignore
    arg [-export-dynamic] ==> ignore
    arg [-dynamic-linker] ==> ignore
    arg [/lib64/ld-linux-x86-64.so.2] ==> ignore
    arg [-o] ==> ignore
    arg [cmTryCompileExec359242378] ==> ignore
    arg [/lib/../lib64/crt1.o] ==> ignore
    arg [/lib/../lib64/crti.o] ==> ignore
    arg [/cluster/apps/gcc/4.9.2/lib/gcc/x86_64-unknown-linux-gnu/4.9.2/crtbegin.o] ==> ignore
    arg [-L/cluster/apps/gcc/4.9.2/lib/gcc/x86_64-unknown-linux-gnu/4.9.2] ==> dir [/cluster/apps/gcc/4.9.2/lib/gcc/x86_64-unknown-linux-gnu/4.9.2]
    arg [-L/cluster/apps/gcc/4.9.2/lib/gcc/x86_64-unknown-linux-gnu/4.9.2/../../../../lib64] ==> dir [/cluster/apps/gcc/4.9.2/lib/gcc/x86_64-unknown-linux-gnu/4.9.2/../../../../lib64]
    arg [-L/lib/../lib64] ==> dir [/lib/../lib64]
    arg [-L/usr/lib/../lib64] ==> dir [/usr/lib/../lib64]
    arg [-L/cluster/apps/openmpi/1.6.5/x86_64/gcc_4.9.2/lib] ==> dir [/cluster/apps/openmpi/1.6.5/x86_64/gcc_4.9.2/lib]
    arg [-L/cluster/apps/gcc/4.9.2/lib/gcc/x86_64-unknown-linux-gnu/4.9.2/../../..] ==> dir [/cluster/apps/gcc/4.9.2/lib/gcc/x86_64-unknown-linux-gnu/4.9.2/../../..]
    arg [CMakeFiles/cmTryCompileExec359242378.dir/CMakeCCompilerABI.c.o] ==> ignore
    arg [-lgcc] ==> lib [gcc]
    arg [--as-needed] ==> ignore
    arg [-lgcc_s] ==> lib [gcc_s]
    arg [--no-as-needed] ==> ignore
    arg [-lc] ==> lib [c]
    arg [-lgcc] ==> lib [gcc]
    arg [--as-needed] ==> ignore
    arg [-lgcc_s] ==> lib [gcc_s]
    arg [--no-as-needed] ==> ignore
    arg [/cluster/apps/gcc/4.9.2/lib/gcc/x86_64-unknown-linux-gnu/4.9.2/crtend.o] ==> ignore
    arg [/lib/../lib64/crtn.o] ==> ignore
  remove lib [gcc]
  remove lib [gcc_s]
  remove lib [gcc]
  remove lib [gcc_s]
  collapse library dir [/cluster/apps/gcc/4.9.2/lib/gcc/x86_64-unknown-linux-gnu/4.9.2] ==> [/cluster/apps/gcc/4.9.2/lib/gcc/x86_64-unknown-linux-gnu/4.9.2]
  collapse library dir [/cluster/apps/gcc/4.9.2/lib/gcc/x86_64-unknown-linux-gnu/4.9.2/../../../../lib64] ==> [/cluster/apps/gcc/4.9.2/lib64]
  collapse library dir [/lib/../lib64] ==> [/lib64]
  collapse library dir [/usr/lib/../lib64] ==> [/usr/lib64]
  collapse library dir [/cluster/apps/openmpi/1.6.5/x86_64/gcc_4.9.2/lib] ==> [/cluster/apps/openmpi/1.6.5/x86_64/gcc_4.9.2/lib]
  collapse library dir [/cluster/apps/gcc/4.9.2/lib/gcc/x86_64-unknown-linux-gnu/4.9.2/../../..] ==> [/cluster/apps/gcc/4.9.2/lib]
  implicit libs: [c]
  implicit dirs: [/cluster/apps/gcc/4.9.2/lib/gcc/x86_64-unknown-linux-gnu/4.9.2;/cluster/apps/gcc/4.9.2/lib64;/lib64;/usr/lib64;/cluster/apps/openmpi/1.6.5/x86_64/gcc_4.9.2/lib;/cluster/apps/gcc/4.9.2/lib]
  implicit fwks: []


Determining if the CXX compiler works passed with the following output:
Change Dir: /cluster/home/pafloria/testMoe5/buildO3/CMakeFiles/CMakeTmp

Run Build Command:/usr/bin/gmake "cmTryCompileExec3026817081/fast"
/usr/bin/gmake -f CMakeFiles/cmTryCompileExec3026817081.dir/build.make CMakeFiles/cmTryCompileExec3026817081.dir/build
gmake[1]: Entering directory `/cluster/home/pafloria/testMoe5/buildO3/CMakeFiles/CMakeTmp'
/usr/bin/cmake -E cmake_progress_report /cluster/home/pafloria/testMoe5/buildO3/CMakeFiles/CMakeTmp/CMakeFiles 1
Building CXX object CMakeFiles/cmTryCompileExec3026817081.dir/testCXXCompiler.cxx.o
/cluster/apps/gcc/4.9.2/bin/g++     -o CMakeFiles/cmTryCompileExec3026817081.dir/testCXXCompiler.cxx.o -c /cluster/home/pafloria/testMoe5/buildO3/CMakeFiles/CMakeTmp/testCXXCompiler.cxx
Linking CXX executable cmTryCompileExec3026817081
/usr/bin/cmake -E cmake_link_script CMakeFiles/cmTryCompileExec3026817081.dir/link.txt --verbose=1
/cluster/apps/gcc/4.9.2/bin/g++        CMakeFiles/cmTryCompileExec3026817081.dir/testCXXCompiler.cxx.o  -o cmTryCompileExec3026817081 -rdynamic 
gmake[1]: Leaving directory `/cluster/home/pafloria/testMoe5/buildO3/CMakeFiles/CMakeTmp'


Detecting CXX compiler ABI info compiled with the following output:
Change Dir: /cluster/home/pafloria/testMoe5/buildO3/CMakeFiles/CMakeTmp

Run Build Command:/usr/bin/gmake "cmTryCompileExec3669511348/fast"
/usr/bin/gmake -f CMakeFiles/cmTryCompileExec3669511348.dir/build.make CMakeFiles/cmTryCompileExec3669511348.dir/build
gmake[1]: Entering directory `/cluster/home/pafloria/testMoe5/buildO3/CMakeFiles/CMakeTmp'
/usr/bin/cmake -E cmake_progress_report /cluster/home/pafloria/testMoe5/buildO3/CMakeFiles/CMakeTmp/CMakeFiles 1
Building CXX object CMakeFiles/cmTryCompileExec3669511348.dir/CMakeCXXCompilerABI.cpp.o
/cluster/apps/gcc/4.9.2/bin/g++     -o CMakeFiles/cmTryCompileExec3669511348.dir/CMakeCXXCompilerABI.cpp.o -c /usr/share/cmake/Modules/CMakeCXXCompilerABI.cpp
Linking CXX executable cmTryCompileExec3669511348
/usr/bin/cmake -E cmake_link_script CMakeFiles/cmTryCompileExec3669511348.dir/link.txt --verbose=1
/cluster/apps/gcc/4.9.2/bin/g++      -v CMakeFiles/cmTryCompileExec3669511348.dir/CMakeCXXCompilerABI.cpp.o  -o cmTryCompileExec3669511348 -rdynamic  
Using built-in specs.
COLLECT_GCC=/cluster/apps/gcc/4.9.2/bin/g++
COLLECT_LTO_WRAPPER=/cluster/apps/gcc/4.9.2/libexec/gcc/x86_64-unknown-linux-gnu/4.9.2/lto-wrapper
Target: x86_64-unknown-linux-gnu
Configured with: ../gcc-4.9.2/configure --with-arch=corei7-avx --with-tune=corei7-avx --prefix=/cluster/apps/gcc/4.9.2 --enable-threads --with-fpmath=sse --enable-languages=all --with-isl --with-cloog --enable-objc-gc --with-system-zlib --enable-__cxa_atexit --with-gnu-ld --enable-checking=release --enable-bootstrap --disable-multilib
Thread model: posix
gcc version 4.9.2 (GCC) 
COMPILER_PATH=/cluster/apps/gcc/4.9.2/libexec/gcc/x86_64-unknown-linux-gnu/4.9.2/:/cluster/apps/gcc/4.9.2/libexec/gcc/x86_64-unknown-linux-gnu/4.9.2/:/cluster/apps/gcc/4.9.2/libexec/gcc/x86_64-unknown-linux-gnu/:/cluster/apps/gcc/4.9.2/lib/gcc/x86_64-unknown-linux-gnu/4.9.2/:/cluster/apps/gcc/4.9.2/lib/gcc/x86_64-unknown-linux-gnu/
LIBRARY_PATH=/cluster/apps/gcc/4.9.2/lib/gcc/x86_64-unknown-linux-gnu/4.9.2/:/cluster/apps/gcc/4.9.2/lib/gcc/x86_64-unknown-linux-gnu/4.9.2/../../../../lib64/:/lib/../lib64/:/usr/lib/../lib64/:/cluster/apps/openmpi/1.6.5/x86_64/gcc_4.9.2/lib/:/cluster/apps/gcc/4.9.2/lib/gcc/x86_64-unknown-linux-gnu/4.9.2/../../../:/lib/:/usr/lib/
COLLECT_GCC_OPTIONS='-v' '-o' 'cmTryCompileExec3669511348' '-rdynamic' '-shared-libgcc' '-mtune=corei7-avx' '-march=corei7-avx'
 /cluster/apps/gcc/4.9.2/libexec/gcc/x86_64-unknown-linux-gnu/4.9.2/collect2 --eh-frame-hdr -m elf_x86_64 -export-dynamic -dynamic-linker /lib64/ld-linux-x86-64.so.2 -o cmTryCompileExec3669511348 /lib/../lib64/crt1.o /lib/../lib64/crti.o /cluster/apps/gcc/4.9.2/lib/gcc/x86_64-unknown-linux-gnu/4.9.2/crtbegin.o -L/cluster/apps/gcc/4.9.2/lib/gcc/x86_64-unknown-linux-gnu/4.9.2 -L/cluster/apps/gcc/4.9.2/lib/gcc/x86_64-unknown-linux-gnu/4.9.2/../../../../lib64 -L/lib/../lib64 -L/usr/lib/../lib64 -L/cluster/apps/openmpi/1.6.5/x86_64/gcc_4.9.2/lib -L/cluster/apps/gcc/4.9.2/lib/gcc/x86_64-unknown-linux-gnu/4.9.2/../../.. CMakeFiles/cmTryCompileExec3669511348.dir/CMakeCXXCompilerABI.cpp.o -lstdc++ -lm -lgcc_s -lgcc -lc -lgcc_s -lgcc /cluster/apps/gcc/4.9.2/lib/gcc/x86_64-unknown-linux-gnu/4.9.2/crtend.o /lib/../lib64/crtn.o
gmake[1]: Leaving directory `/cluster/home/pafloria/testMoe5/buildO3/CMakeFiles/CMakeTmp'


Parsed CXX implicit link information from above output:
  link line regex: [^( *|.*[/\])(ld|([^/\]+-)?ld|collect2)[^/\]*( |$)]
  ignore line: [Change Dir: /cluster/home/pafloria/testMoe5/buildO3/CMakeFiles/CMakeTmp]
  ignore line: []
  ignore line: [Run Build Command:/usr/bin/gmake "cmTryCompileExec3669511348/fast"]
  ignore line: [/usr/bin/gmake -f CMakeFiles/cmTryCompileExec3669511348.dir/build.make CMakeFiles/cmTryCompileExec3669511348.dir/build]
  ignore line: [gmake[1]: Entering directory `/cluster/home/pafloria/testMoe5/buildO3/CMakeFiles/CMakeTmp']
  ignore line: [/usr/bin/cmake -E cmake_progress_report /cluster/home/pafloria/testMoe5/buildO3/CMakeFiles/CMakeTmp/CMakeFiles 1]
  ignore line: [Building CXX object CMakeFiles/cmTryCompileExec3669511348.dir/CMakeCXXCompilerABI.cpp.o]
  ignore line: [/cluster/apps/gcc/4.9.2/bin/g++     -o CMakeFiles/cmTryCompileExec3669511348.dir/CMakeCXXCompilerABI.cpp.o -c /usr/share/cmake/Modules/CMakeCXXCompilerABI.cpp]
  ignore line: [Linking CXX executable cmTryCompileExec3669511348]
  ignore line: [/usr/bin/cmake -E cmake_link_script CMakeFiles/cmTryCompileExec3669511348.dir/link.txt --verbose=1]
  ignore line: [/cluster/apps/gcc/4.9.2/bin/g++      -v CMakeFiles/cmTryCompileExec3669511348.dir/CMakeCXXCompilerABI.cpp.o  -o cmTryCompileExec3669511348 -rdynamic  ]
  ignore line: [Using built-in specs.]
  ignore line: [COLLECT_GCC=/cluster/apps/gcc/4.9.2/bin/g++]
  ignore line: [COLLECT_LTO_WRAPPER=/cluster/apps/gcc/4.9.2/libexec/gcc/x86_64-unknown-linux-gnu/4.9.2/lto-wrapper]
  ignore line: [Target: x86_64-unknown-linux-gnu]
  ignore line: [Configured with: ../gcc-4.9.2/configure --with-arch=corei7-avx --with-tune=corei7-avx --prefix=/cluster/apps/gcc/4.9.2 --enable-threads --with-fpmath=sse --enable-languages=all --with-isl --with-cloog --enable-objc-gc --with-system-zlib --enable-__cxa_atexit --with-gnu-ld --enable-checking=release --enable-bootstrap --disable-multilib]
  ignore line: [Thread model: posix]
  ignore line: [gcc version 4.9.2 (GCC) ]
  ignore line: [COMPILER_PATH=/cluster/apps/gcc/4.9.2/libexec/gcc/x86_64-unknown-linux-gnu/4.9.2/:/cluster/apps/gcc/4.9.2/libexec/gcc/x86_64-unknown-linux-gnu/4.9.2/:/cluster/apps/gcc/4.9.2/libexec/gcc/x86_64-unknown-linux-gnu/:/cluster/apps/gcc/4.9.2/lib/gcc/x86_64-unknown-linux-gnu/4.9.2/:/cluster/apps/gcc/4.9.2/lib/gcc/x86_64-unknown-linux-gnu/]
  ignore line: [LIBRARY_PATH=/cluster/apps/gcc/4.9.2/lib/gcc/x86_64-unknown-linux-gnu/4.9.2/:/cluster/apps/gcc/4.9.2/lib/gcc/x86_64-unknown-linux-gnu/4.9.2/../../../../lib64/:/lib/../lib64/:/usr/lib/../lib64/:/cluster/apps/openmpi/1.6.5/x86_64/gcc_4.9.2/lib/:/cluster/apps/gcc/4.9.2/lib/gcc/x86_64-unknown-linux-gnu/4.9.2/../../../:/lib/:/usr/lib/]
  ignore line: [COLLECT_GCC_OPTIONS='-v' '-o' 'cmTryCompileExec3669511348' '-rdynamic' '-shared-libgcc' '-mtune=corei7-avx' '-march=corei7-avx']
  link line: [ /cluster/apps/gcc/4.9.2/libexec/gcc/x86_64-unknown-linux-gnu/4.9.2/collect2 --eh-frame-hdr -m elf_x86_64 -export-dynamic -dynamic-linker /lib64/ld-linux-x86-64.so.2 -o cmTryCompileExec3669511348 /lib/../lib64/crt1.o /lib/../lib64/crti.o /cluster/apps/gcc/4.9.2/lib/gcc/x86_64-unknown-linux-gnu/4.9.2/crtbegin.o -L/cluster/apps/gcc/4.9.2/lib/gcc/x86_64-unknown-linux-gnu/4.9.2 -L/cluster/apps/gcc/4.9.2/lib/gcc/x86_64-unknown-linux-gnu/4.9.2/../../../../lib64 -L/lib/../lib64 -L/usr/lib/../lib64 -L/cluster/apps/openmpi/1.6.5/x86_64/gcc_4.9.2/lib -L/cluster/apps/gcc/4.9.2/lib/gcc/x86_64-unknown-linux-gnu/4.9.2/../../.. CMakeFiles/cmTryCompileExec3669511348.dir/CMakeCXXCompilerABI.cpp.o -lstdc++ -lm -lgcc_s -lgcc -lc -lgcc_s -lgcc /cluster/apps/gcc/4.9.2/lib/gcc/x86_64-unknown-linux-gnu/4.9.2/crtend.o /lib/../lib64/crtn.o]
    arg [/cluster/apps/gcc/4.9.2/libexec/gcc/x86_64-unknown-linux-gnu/4.9.2/collect2] ==> ignore
    arg [--eh-frame-hdr] ==> ignore
    arg [-m] ==> ignore
    arg [elf_x86_64] ==> ignore
    arg [-export-dynamic] ==> ignore
    arg [-dynamic-linker] ==> ignore
    arg [/lib64/ld-linux-x86-64.so.2] ==> ignore
    arg [-o] ==> ignore
    arg [cmTryCompileExec3669511348] ==> ignore
    arg [/lib/../lib64/crt1.o] ==> ignore
    arg [/lib/../lib64/crti.o] ==> ignore
    arg [/cluster/apps/gcc/4.9.2/lib/gcc/x86_64-unknown-linux-gnu/4.9.2/crtbegin.o] ==> ignore
    arg [-L/cluster/apps/gcc/4.9.2/lib/gcc/x86_64-unknown-linux-gnu/4.9.2] ==> dir [/cluster/apps/gcc/4.9.2/lib/gcc/x86_64-unknown-linux-gnu/4.9.2]
    arg [-L/cluster/apps/gcc/4.9.2/lib/gcc/x86_64-unknown-linux-gnu/4.9.2/../../../../lib64] ==> dir [/cluster/apps/gcc/4.9.2/lib/gcc/x86_64-unknown-linux-gnu/4.9.2/../../../../lib64]
    arg [-L/lib/../lib64] ==> dir [/lib/../lib64]
    arg [-L/usr/lib/../lib64] ==> dir [/usr/lib/../lib64]
    arg [-L/cluster/apps/openmpi/1.6.5/x86_64/gcc_4.9.2/lib] ==> dir [/cluster/apps/openmpi/1.6.5/x86_64/gcc_4.9.2/lib]
    arg [-L/cluster/apps/gcc/4.9.2/lib/gcc/x86_64-unknown-linux-gnu/4.9.2/../../..] ==> dir [/cluster/apps/gcc/4.9.2/lib/gcc/x86_64-unknown-linux-gnu/4.9.2/../../..]
    arg [CMakeFiles/cmTryCompileExec3669511348.dir/CMakeCXXCompilerABI.cpp.o] ==> ignore
    arg [-lstdc++] ==> lib [stdc++]
    arg [-lm] ==> lib [m]
    arg [-lgcc_s] ==> lib [gcc_s]
    arg [-lgcc] ==> lib [gcc]
    arg [-lc] ==> lib [c]
    arg [-lgcc_s] ==> lib [gcc_s]
    arg [-lgcc] ==> lib [gcc]
    arg [/cluster/apps/gcc/4.9.2/lib/gcc/x86_64-unknown-linux-gnu/4.9.2/crtend.o] ==> ignore
    arg [/lib/../lib64/crtn.o] ==> ignore
  remove lib [gcc_s]
  remove lib [gcc]
  remove lib [gcc_s]
  remove lib [gcc]
  collapse library dir [/cluster/apps/gcc/4.9.2/lib/gcc/x86_64-unknown-linux-gnu/4.9.2] ==> [/cluster/apps/gcc/4.9.2/lib/gcc/x86_64-unknown-linux-gnu/4.9.2]
  collapse library dir [/cluster/apps/gcc/4.9.2/lib/gcc/x86_64-unknown-linux-gnu/4.9.2/../../../../lib64] ==> [/cluster/apps/gcc/4.9.2/lib64]
  collapse library dir [/lib/../lib64] ==> [/lib64]
  collapse library dir [/usr/lib/../lib64] ==> [/usr/lib64]
  collapse library dir [/cluster/apps/openmpi/1.6.5/x86_64/gcc_4.9.2/lib] ==> [/cluster/apps/openmpi/1.6.5/x86_64/gcc_4.9.2/lib]
  collapse library dir [/cluster/apps/gcc/4.9.2/lib/gcc/x86_64-unknown-linux-gnu/4.9.2/../../..] ==> [/cluster/apps/gcc/4.9.2/lib]
  implicit libs: [stdc++;m;c]
  implicit dirs: [/cluster/apps/gcc/4.9.2/lib/gcc/x86_64-unknown-linux-gnu/4.9.2;/cluster/apps/gcc/4.9.2/lib64;/lib64;/usr/lib64;/cluster/apps/openmpi/1.6.5/x86_64/gcc_4.9.2/lib;/cluster/apps/gcc/4.9.2/lib]
  implicit fwks: []


